<?xml version="1.0" encoding="UTF-8"?>
<testng-results skipped="0" failed="0" total="1" passed="1">
  <reporter-output>
  </reporter-output>
  <suite name="Default suite" duration-ms="13583" started-at="2016-11-22T12:26:25Z" finished-at="2016-11-22T12:26:39Z">
    <groups>
    </groups>
    <test name="Default test" duration-ms="13583" started-at="2016-11-22T12:26:25Z" finished-at="2016-11-22T12:26:39Z">
      <class name="com.appdragon.newtours.web.LoginTest">
        <test-method status="PASS" signature="BrwoserOpen()[pri:0, instance:com.appdragon.newtours.web.LoginTest@1b604f19]" name="BrwoserOpen" is-config="true" duration-ms="9305" started-at="2016-11-22T18:26:25Z" finished-at="2016-11-22T18:26:35Z">
          <reporter-output>
          </reporter-output>
        </test-method> <!-- BrwoserOpen -->
        <test-method status="PASS" signature="login()[pri:0, instance:com.appdragon.newtours.web.LoginTest@1b604f19]" name="login" duration-ms="4235" started-at="2016-11-22T18:26:35Z" finished-at="2016-11-22T18:26:39Z">
          <reporter-output>
          </reporter-output>
        </test-method> <!-- login -->
        <test-method status="PASS" signature="closeBrowser()[pri:0, instance:com.appdragon.newtours.web.LoginTest@1b604f19]" name="closeBrowser" is-config="true" duration-ms="29" started-at="2016-11-22T18:26:39Z" finished-at="2016-11-22T18:26:39Z">
          <reporter-output>
          </reporter-output>
        </test-method> <!-- closeBrowser -->
      </class> <!-- com.appdragon.newtours.web.LoginTest -->
    </test> <!-- Default test -->
  </suite> <!-- Default suite -->
</testng-results>
